
=========================================================================

  JBoss Bootstrap Environment

  JBOSS_HOME: /opt/bitnami/wildfly

  JAVA: /opt/bitnami/java/bin/java

  JAVA_OPTS:  -server -Xms64m -Xmx512m -XX:MetaspaceSize=96M -XX:MaxMetaspaceSize=256m -Djava.net.preferIPv4Stack=true -Djboss.modules.system.pkgs=org.jboss.byteman -Djava.awt.headless=true   --add-exports=java.desktop/sun.awt=ALL-UNNAMED --add-exports=java.naming/com.sun.jndi.ldap=ALL-UNNAMED --add-opens=java.base/java.lang=ALL-UNNAMED --add-opens=java.base/java.lang.invoke=ALL-UNNAMED --add-opens=java.base/java.lang.reflect=ALL-UNNAMED --add-opens=java.base/java.io=ALL-UNNAMED --add-opens=java.base/java.security=ALL-UNNAMED --add-opens=java.base/java.util=ALL-UNNAMED --add-opens=java.base/java.util.concurrent=ALL-UNNAMED --add-opens=java.management/javax.management=ALL-UNNAMED --add-opens=java.naming/javax.naming=ALL-UNNAMED

=========================================================================

[0m05:51:45,196 INFO  [org.jboss.modules] (main) JBoss Modules version 1.12.0.Final
[0m[0m05:51:45,791 INFO  [org.jboss.msc] (main) JBoss MSC version 1.4.13.Final
[0m[0m05:51:45,801 INFO  [org.jboss.threads] (main) JBoss Threads version 2.4.0.Final
[0m[0m05:51:45,924 INFO  [org.jboss.as] (MSC service thread 1-2) WFLYSRV0049: WildFly Full 25.0.1.Final (WildFly Core 17.0.3.Final) starting
[0m[0m05:51:46,696 INFO  [org.wildfly.security] (ServerService Thread Pool -- 27) ELY00001: WildFly Elytron version 1.17.1.Final
[0m[0m05:51:47,362 INFO  [org.jboss.as.repository] (ServerService Thread Pool -- 3) WFLYDR0001: Content added at location /bitnami/wildfly/standalone/data/content/6d/6ea84c870837afa63f5f55efde211a84cf2897/content
[0m[0m05:51:47,407 INFO  [org.jboss.as.repository] (ServerService Thread Pool -- 3) WFLYDR0001: Content added at location /bitnami/wildfly/standalone/data/content/45/fa6eef266aa80024ef2ab3688d9faa38c642e5/content
[0m[0m05:51:47,426 INFO  [org.jboss.as.server] (Controller Boot Thread) WFLYSRV0039: Creating http management service using socket-binding (management-http)
[0m[0m05:51:47,446 INFO  [org.xnio] (MSC service thread 1-4) XNIO version 3.8.4.Final
[0m[0m05:51:47,456 INFO  [org.xnio.nio] (MSC service thread 1-4) XNIO NIO Implementation Version 3.8.4.Final
[0m[0m05:51:47,501 INFO  [org.wildfly.extension.microprofile.jwt.smallrye] (ServerService Thread Pool -- 65) WFLYJWT0001: Activating MicroProfile JWT Subsystem
[0m[0m05:51:47,502 INFO  [org.wildfly.extension.microprofile.config.smallrye] (ServerService Thread Pool -- 64) WFLYCONF0001: Activating MicroProfile Config Subsystem
[0m[0m05:51:47,505 INFO  [org.jboss.as.naming] (ServerService Thread Pool -- 67) WFLYNAM0001: Activating Naming Subsystem
[0m[0m05:51:47,507 INFO  [org.jboss.as.clustering.infinispan] (ServerService Thread Pool -- 54) WFLYCLINF0001: Activating Infinispan subsystem.
[0m[33m05:51:47,522 WARN  [org.jboss.as.txn] (ServerService Thread Pool -- 74) WFLYTX0013: The node-identifier attribute on the /subsystem=transactions is set to the default value. This is a danger for environments running multiple servers. Please make sure the attribute value is unique.
[0m[0m05:51:47,530 INFO  [org.wildfly.extension.elytron.oidc._private] (ServerService Thread Pool -- 52) WFLYOIDC0001: Activating WildFly Elytron OIDC Subsystem
[0m[0m05:51:47,534 INFO  [org.jboss.as.jaxrs] (ServerService Thread Pool -- 56) WFLYRS0016: RESTEasy version 4.7.2.Final
[0m[0m05:51:47,538 INFO  [org.jboss.as.jsf] (ServerService Thread Pool -- 61) WFLYJSF0007: Activated the following Jakarta Server Faces Implementations: [main]
[0m[0m05:51:47,541 INFO  [org.wildfly.extension.metrics] (ServerService Thread Pool -- 63) WFLYMETRICS0001: Activating Base Metrics Subsystem
[0m[0m05:51:47,544 INFO  [org.wildfly.extension.io] (ServerService Thread Pool -- 55) WFLYIO001: Worker 'default' has auto-configured to 24 IO threads with 192 max task threads based on your 12 available processors
[0m[0m05:51:47,552 INFO  [org.jboss.as.webservices] (ServerService Thread Pool -- 76) WFLYWS0002: Activating WebServices Extension
[0m[0m05:51:47,558 INFO  [org.wildfly.extension.microprofile.opentracing] (ServerService Thread Pool -- 66) WFLYTRACEXT0001: Activating MicroProfile OpenTracing Subsystem
[0m[0m05:51:47,558 INFO  [org.jboss.as.connector] (MSC service thread 1-6) WFLYJCA0009: Starting Jakarta Connectors Subsystem (WildFly/IronJacamar 1.5.2.Final)
[0m[0m05:51:47,577 INFO  [org.jboss.remoting] (MSC service thread 1-6) JBoss Remoting version 5.0.23.Final
[0m[0m05:51:47,580 INFO  [org.wildfly.extension.health] (ServerService Thread Pool -- 53) WFLYHEALTH0001: Activating Base Health Subsystem
[0m[0m05:51:47,602 INFO  [org.jboss.as.connector.subsystems.datasources] (ServerService Thread Pool -- 44) WFLYJCA0004: Deploying JDBC-compliant driver class org.h2.Driver (version 1.4)
[0m[0m05:51:47,612 INFO  [org.jboss.as.naming] (MSC service thread 1-7) WFLYNAM0003: Starting Naming Service
[0m[0m05:51:47,610 INFO  [org.jboss.as.connector.deployers.jdbc] (MSC service thread 1-1) WFLYJCA0018: Started Driver service with driver-name = h2
[0m[0m05:51:47,614 INFO  [org.jboss.as.mail.extension] (MSC service thread 1-7) WFLYMAIL0001: Bound mail session [java:jboss/mail/Default]
[0m[0m05:51:47,624 INFO  [org.wildfly.extension.undertow] (MSC service thread 1-3) WFLYUT0003: Undertow 2.2.12.Final starting
[0m[33m05:51:47,729 WARN  [org.wildfly.extension.elytron] (MSC service thread 1-7) WFLYELY00023: KeyStore file '/opt/bitnami/wildfly/standalone/configuration/application.keystore' does not exist. Used blank.
[0m[33m05:51:47,758 WARN  [org.wildfly.extension.elytron] (MSC service thread 1-2) WFLYELY01084: KeyStore /opt/bitnami/wildfly/standalone/configuration/application.keystore not found, it will be auto generated on first use with a self-signed certificate for host localhost
[0m[0m05:51:47,778 INFO  [org.wildfly.extension.undertow] (ServerService Thread Pool -- 75) WFLYUT0014: Creating file handler for path '/opt/bitnami/wildfly/welcome-content' with options [directory-listing: 'false', follow-symlink: 'false', case-sensitive: 'true', safe-symlink-paths: '[]']
[0m[0m05:51:47,788 INFO  [org.wildfly.extension.undertow] (MSC service thread 1-7) WFLYUT0012: Started server default-server.
[0m[0m05:51:47,789 INFO  [org.wildfly.extension.undertow] (MSC service thread 1-4) Queuing requests.
[0m[0m05:51:47,790 INFO  [org.wildfly.extension.undertow] (MSC service thread 1-4) WFLYUT0018: Host default-host starting
[0m[0m05:51:47,792 INFO  [org.jboss.as.ejb3] (MSC service thread 1-6) WFLYEJB0482: Strict pool mdb-strict-max-pool is using a max instance size of 48 (per class), which is derived from the number of CPUs on this host.
[0m[0m05:51:47,792 INFO  [org.jboss.as.ejb3] (MSC service thread 1-2) WFLYEJB0481: Strict pool slsb-strict-max-pool is using a max instance size of 192 (per class), which is derived from thread worker pool sizing.
[0m[0m05:51:47,859 INFO  [org.wildfly.extension.undertow] (MSC service thread 1-7) WFLYUT0006: Undertow HTTP listener default listening on 0.0.0.0:8080
[0m[0m05:51:47,988 INFO  [org.jboss.as.ejb3] (MSC service thread 1-5) WFLYEJB0493: Jakarta Enterprise Beans subsystem suspension complete
[0m[0m05:51:48,028 INFO  [org.wildfly.extension.undertow] (MSC service thread 1-7) WFLYUT0006: Undertow HTTPS listener https listening on 0.0.0.0:8443
[0m[0m05:51:48,060 INFO  [org.jboss.as.connector.subsystems.datasources] (MSC service thread 1-3) WFLYJCA0001: Bound data source [java:jboss/datasources/ExampleDS]
[0m[0m05:51:48,254 INFO  [org.jboss.as.patching] (MSC service thread 1-4) WFLYPAT0050: WildFly Full cumulative patch ID is: base, one-off patches include: none
[0m[0m05:51:48,259 INFO  [org.jboss.as.server.deployment.scanner] (MSC service thread 1-4) WFLYDS0013: Started FileSystemDeploymentService for directory /opt/bitnami/wildfly/standalone/deployments
[0m[0m05:51:48,273 INFO  [org.jboss.as.server.deployment] (MSC service thread 1-3) WFLYSRV0027: Starting deployment of "mariadb-java-client-2.7.4.jar" (runtime-name: "mariadb-java-client-2.7.4.jar")
[0m[0m05:51:48,273 INFO  [org.jboss.as.server.deployment] (MSC service thread 1-8) WFLYSRV0027: Starting deployment of "postgresql-42.2.14.jar" (runtime-name: "postgresql-42.2.14.jar")
[0m[0m05:51:48,337 INFO  [org.jboss.ws.common.management] (MSC service thread 1-2) JBWS022052: Starting JBossWS 5.4.4.Final (Apache CXF 3.4.4) 
